2017-05-11 10:41:24,985 - Starting Apache Velocity v1.7 (compiled: 2010-11-19 12:14:37)
2017-05-11 10:41:24,985 - Default Properties File: org\apache\velocity\runtime\defaults\velocity.properties
2017-05-11 10:41:24,985 - Trying to use logger class org.apache.velocity.runtime.log.AvalonLogChute
2017-05-11 10:41:24,985 - Target log system for org.apache.velocity.runtime.log.AvalonLogChute is not available (java.lang.NoClassDefFoundError: org/apache/log/format/Formatter).  Falling back to next log system...
2017-05-11 10:41:24,985 - Trying to use logger class org.apache.velocity.runtime.log.Log4JLogChute
2017-05-11 10:41:24,985 - Using logger class org.apache.velocity.runtime.log.Log4JLogChute
2017-05-11 10:41:24,985 - ResourceLoader instantiated: org.apache.velocity.runtime.resource.loader.ClasspathResourceLoader
2017-05-11 10:41:24,985 - ResourceCache: initialized (class org.apache.velocity.runtime.resource.ResourceCacheImpl) with class java.util.Collections$SynchronizedMap cache map.
2017-05-11 10:41:24,986 - Loaded System Directive: org.apache.velocity.runtime.directive.Stop
2017-05-11 10:41:24,986 - Loaded System Directive: org.apache.velocity.runtime.directive.Define
2017-05-11 10:41:24,986 - Loaded System Directive: org.apache.velocity.runtime.directive.Break
2017-05-11 10:41:24,986 - Loaded System Directive: org.apache.velocity.runtime.directive.Evaluate
2017-05-11 10:41:24,986 - Loaded System Directive: org.apache.velocity.runtime.directive.Literal
2017-05-11 10:41:24,986 - Loaded System Directive: org.apache.velocity.runtime.directive.Macro
2017-05-11 10:41:24,986 - Loaded System Directive: org.apache.velocity.runtime.directive.Parse
2017-05-11 10:41:24,986 - Loaded System Directive: org.apache.velocity.runtime.directive.Include
2017-05-11 10:41:24,986 - Loaded System Directive: org.apache.velocity.runtime.directive.Foreach
2017-05-11 10:41:24,986 - Created '20' parsers.
2017-05-11 10:41:24,986 - Velocimacro : "velocimacro.library" is not set.  Trying default library: VM_global_library.vm
2017-05-11 10:41:24,986 - Could not load resource 'VM_global_library.vm' from ResourceLoader org.apache.velocity.runtime.resource.loader.ClasspathResourceLoader: ClasspathResourceLoader Error: cannot find resource VM_global_library.vm
2017-05-11 10:41:24,986 - Velocimacro : Default library not found.
2017-05-11 10:41:24,986 - Velocimacro : allowInline = true : VMs can be defined inline in templates
2017-05-11 10:41:24,986 - Velocimacro : allowInlineToOverride = false : VMs defined inline may NOT replace previous VM definitions
2017-05-11 10:41:24,986 - Velocimacro : allowInlineLocal = false : VMs defined inline will be global in scope if allowed.
2017-05-11 10:41:24,986 - Velocimacro : autoload off : VM system will not automatically reload global library macros
2017-05-11 10:41:24,987 - ResourceManager : found ONLY_PARAGRAPH_TITLE_desktop.vm with loader org.apache.velocity.runtime.resource.loader.ClasspathResourceLoader
2017-05-11 10:41:24,987 - Null reference [template 'ONLY_PARAGRAPH_TITLE_desktop.vm', line 1, column 10] : $header cannot be resolved.
2017-05-11 10:41:25,022 - Log4JLogChute initialized using file 'velocity.log'
2017-05-11 10:41:25,023 - Initializing Velocity, Calling init()...
2017-05-11 10:41:25,023 - Starting Apache Velocity v1.7 (compiled: 2010-11-19 12:14:37)
2017-05-11 10:41:25,023 - Default Properties File: org\apache\velocity\runtime\defaults\velocity.properties
2017-05-11 10:41:25,023 - Trying to use logger class org.apache.velocity.runtime.log.AvalonLogChute
2017-05-11 10:41:25,023 - Target log system for org.apache.velocity.runtime.log.AvalonLogChute is not available (java.lang.NoClassDefFoundError: org/apache/log/format/Formatter).  Falling back to next log system...
2017-05-11 10:41:25,023 - Trying to use logger class org.apache.velocity.runtime.log.Log4JLogChute
2017-05-11 10:41:25,023 - Using logger class org.apache.velocity.runtime.log.Log4JLogChute
2017-05-11 10:41:25,023 - ResourceLoader instantiated: org.apache.velocity.runtime.resource.loader.ClasspathResourceLoader
2017-05-11 10:41:25,023 - ResourceCache: initialized (class org.apache.velocity.runtime.resource.ResourceCacheImpl) with class java.util.Collections$SynchronizedMap cache map.
2017-05-11 10:41:25,023 - Loaded System Directive: org.apache.velocity.runtime.directive.Stop
2017-05-11 10:41:25,023 - Loaded System Directive: org.apache.velocity.runtime.directive.Define
2017-05-11 10:41:25,023 - Loaded System Directive: org.apache.velocity.runtime.directive.Break
2017-05-11 10:41:25,023 - Loaded System Directive: org.apache.velocity.runtime.directive.Evaluate
2017-05-11 10:41:25,023 - Loaded System Directive: org.apache.velocity.runtime.directive.Literal
2017-05-11 10:41:25,024 - Loaded System Directive: org.apache.velocity.runtime.directive.Macro
2017-05-11 10:41:25,024 - Loaded System Directive: org.apache.velocity.runtime.directive.Parse
2017-05-11 10:41:25,024 - Loaded System Directive: org.apache.velocity.runtime.directive.Include
2017-05-11 10:41:25,024 - Loaded System Directive: org.apache.velocity.runtime.directive.Foreach
2017-05-11 10:41:25,024 - Created '20' parsers.
2017-05-11 10:41:25,024 - Velocimacro : "velocimacro.library" is not set.  Trying default library: VM_global_library.vm
2017-05-11 10:41:25,024 - Could not load resource 'VM_global_library.vm' from ResourceLoader org.apache.velocity.runtime.resource.loader.ClasspathResourceLoader: ClasspathResourceLoader Error: cannot find resource VM_global_library.vm
2017-05-11 10:41:25,025 - Velocimacro : Default library not found.
2017-05-11 10:41:25,025 - Velocimacro : allowInline = true : VMs can be defined inline in templates
2017-05-11 10:41:25,025 - Velocimacro : allowInlineToOverride = false : VMs defined inline may NOT replace previous VM definitions
2017-05-11 10:41:25,025 - Velocimacro : allowInlineLocal = false : VMs defined inline will be global in scope if allowed.
2017-05-11 10:41:25,025 - Velocimacro : autoload off : VM system will not automatically reload global library macros
2017-05-11 10:41:25,025 - ResourceManager : found SIMPLE_LIST___ONLY_TITLE_LIST_desktop.vm with loader org.apache.velocity.runtime.resource.loader.ClasspathResourceLoader
2017-05-11 10:41:25,026 - Null reference [template 'SIMPLE_LIST___ONLY_TITLE_LIST_desktop.vm', line 1, column 10] : $header cannot be resolved.
2017-05-11 10:41:25,026 - Null reference [template 'SIMPLE_LIST___ONLY_TITLE_LIST_desktop.vm', line 8, column 65] : $uuid.getUUID() cannot be resolved.
2017-05-11 10:41:25,061 - Log4JLogChute initialized using file 'velocity.log'
2017-05-11 10:41:25,061 - Initializing Velocity, Calling init()...
2017-05-11 10:41:25,061 - Starting Apache Velocity v1.7 (compiled: 2010-11-19 12:14:37)
2017-05-11 10:41:25,061 - Default Properties File: org\apache\velocity\runtime\defaults\velocity.properties
2017-05-11 10:41:25,061 - Trying to use logger class org.apache.velocity.runtime.log.AvalonLogChute
2017-05-11 10:41:25,061 - Target log system for org.apache.velocity.runtime.log.AvalonLogChute is not available (java.lang.NoClassDefFoundError: org/apache/log/format/Formatter).  Falling back to next log system...
2017-05-11 10:41:25,061 - Trying to use logger class org.apache.velocity.runtime.log.Log4JLogChute
2017-05-11 10:41:25,061 - Using logger class org.apache.velocity.runtime.log.Log4JLogChute
2017-05-11 10:41:25,061 - ResourceLoader instantiated: org.apache.velocity.runtime.resource.loader.ClasspathResourceLoader
2017-05-11 10:41:25,061 - ResourceCache: initialized (class org.apache.velocity.runtime.resource.ResourceCacheImpl) with class java.util.Collections$SynchronizedMap cache map.
2017-05-11 10:41:25,061 - Loaded System Directive: org.apache.velocity.runtime.directive.Stop
2017-05-11 10:41:25,061 - Loaded System Directive: org.apache.velocity.runtime.directive.Define
2017-05-11 10:41:25,061 - Loaded System Directive: org.apache.velocity.runtime.directive.Break
2017-05-11 10:41:25,061 - Loaded System Directive: org.apache.velocity.runtime.directive.Evaluate
2017-05-11 10:41:25,061 - Loaded System Directive: org.apache.velocity.runtime.directive.Literal
2017-05-11 10:41:25,061 - Loaded System Directive: org.apache.velocity.runtime.directive.Macro
2017-05-11 10:41:25,061 - Loaded System Directive: org.apache.velocity.runtime.directive.Parse
2017-05-11 10:41:25,062 - Loaded System Directive: org.apache.velocity.runtime.directive.Include
2017-05-11 10:41:25,062 - Loaded System Directive: org.apache.velocity.runtime.directive.Foreach
2017-05-11 10:41:25,062 - Created '20' parsers.
2017-05-11 10:41:25,062 - Velocimacro : "velocimacro.library" is not set.  Trying default library: VM_global_library.vm
2017-05-11 10:41:25,062 - Could not load resource 'VM_global_library.vm' from ResourceLoader org.apache.velocity.runtime.resource.loader.ClasspathResourceLoader: ClasspathResourceLoader Error: cannot find resource VM_global_library.vm
2017-05-11 10:41:25,062 - Velocimacro : Default library not found.
2017-05-11 10:41:25,062 - Velocimacro : allowInline = true : VMs can be defined inline in templates
2017-05-11 10:41:25,062 - Velocimacro : allowInlineToOverride = false : VMs defined inline may NOT replace previous VM definitions
2017-05-11 10:41:25,062 - Velocimacro : allowInlineLocal = false : VMs defined inline will be global in scope if allowed.
2017-05-11 10:41:25,062 - Velocimacro : autoload off : VM system will not automatically reload global library macros
2017-05-11 10:41:25,063 - ResourceManager : found ONLY_TITLE_IMAGE_desktop.vm with loader org.apache.velocity.runtime.resource.loader.ClasspathResourceLoader
2017-05-11 10:41:25,063 - Null reference [template 'ONLY_TITLE_IMAGE_desktop.vm', line 1, column 10] : $header cannot be resolved.
2017-05-11 10:41:25,098 - Log4JLogChute initialized using file 'velocity.log'
2017-05-11 10:41:25,098 - Initializing Velocity, Calling init()...
2017-05-11 10:41:25,098 - Starting Apache Velocity v1.7 (compiled: 2010-11-19 12:14:37)
2017-05-11 10:41:25,098 - Default Properties File: org\apache\velocity\runtime\defaults\velocity.properties
2017-05-11 10:41:25,098 - Trying to use logger class org.apache.velocity.runtime.log.AvalonLogChute
2017-05-11 10:41:25,098 - Target log system for org.apache.velocity.runtime.log.AvalonLogChute is not available (java.lang.NoClassDefFoundError: org/apache/log/format/Formatter).  Falling back to next log system...
2017-05-11 10:41:25,098 - Trying to use logger class org.apache.velocity.runtime.log.Log4JLogChute
2017-05-11 10:41:25,098 - Using logger class org.apache.velocity.runtime.log.Log4JLogChute
2017-05-11 10:41:25,098 - ResourceLoader instantiated: org.apache.velocity.runtime.resource.loader.ClasspathResourceLoader
2017-05-11 10:41:25,098 - ResourceCache: initialized (class org.apache.velocity.runtime.resource.ResourceCacheImpl) with class java.util.Collections$SynchronizedMap cache map.
2017-05-11 10:41:25,099 - Loaded System Directive: org.apache.velocity.runtime.directive.Stop
2017-05-11 10:41:25,099 - Loaded System Directive: org.apache.velocity.runtime.directive.Define
2017-05-11 10:41:25,099 - Loaded System Directive: org.apache.velocity.runtime.directive.Break
2017-05-11 10:41:25,099 - Loaded System Directive: org.apache.velocity.runtime.directive.Evaluate
2017-05-11 10:41:25,099 - Loaded System Directive: org.apache.velocity.runtime.directive.Literal
2017-05-11 10:41:25,099 - Loaded System Directive: org.apache.velocity.runtime.directive.Macro
2017-05-11 10:41:25,099 - Loaded System Directive: org.apache.velocity.runtime.directive.Parse
2017-05-11 10:41:25,099 - Loaded System Directive: org.apache.velocity.runtime.directive.Include
2017-05-11 10:41:25,099 - Loaded System Directive: org.apache.velocity.runtime.directive.Foreach
2017-05-11 10:41:25,099 - Created '20' parsers.
2017-05-11 10:41:25,099 - Velocimacro : "velocimacro.library" is not set.  Trying default library: VM_global_library.vm
2017-05-11 10:41:25,100 - Could not load resource 'VM_global_library.vm' from ResourceLoader org.apache.velocity.runtime.resource.loader.ClasspathResourceLoader: ClasspathResourceLoader Error: cannot find resource VM_global_library.vm
2017-05-11 10:41:25,100 - Velocimacro : Default library not found.
2017-05-11 10:41:25,100 - Velocimacro : allowInline = true : VMs can be defined inline in templates
2017-05-11 10:41:25,100 - Velocimacro : allowInlineToOverride = false : VMs defined inline may NOT replace previous VM definitions
2017-05-11 10:41:25,100 - Velocimacro : allowInlineLocal = false : VMs defined inline will be global in scope if allowed.
2017-05-11 10:41:25,100 - Velocimacro : autoload off : VM system will not automatically reload global library macros
2017-05-11 10:41:25,100 - ResourceManager : found ONLY_TITLE_PARAGRAPH_IMAGE_desktop.vm with loader org.apache.velocity.runtime.resource.loader.ClasspathResourceLoader
2017-05-11 10:41:25,100 - Null reference [template 'ONLY_TITLE_PARAGRAPH_IMAGE_desktop.vm', line 1, column 10] : $header cannot be resolved.
r.ClasspathResourceLoader
2017-05-11 10:41:25,063 - Null reference [template 'ONLY_TITLE_IMAGE_desktop.vm', line 1, column 10] : $header cannot be resolved.
2017-05-11 10:41:25,098 - Log4JLogChute initialized using file 'velocity.log'
2017-05-11 10:41:25,098 - Initializing Velocity, Calling init()...
2017-05-11 10:41:25,098 - Starting Apache Velocity v1.7 (compiled: 2010-11-19 12:14:37)
2017-05-11 10:41:25,098 - Default Properties File: org\apache\velocity\runtime\defaults\velocity.properties
2017-05-11 10:41:25,098 - Trying to use logger class org.apache.velocity.runtime.log.AvalonLogChute
2017-05-11 10:41:25,098 - Target log system for org.apache.velocity.runtime.log.AvalonLogChute is not available (java.lang.NoClassDefFoundError: org/apache/log/format/Formatter).  Falling back to next log system...
2017-05-11 10:41:25,098 - Trying to use logger class org.apache.velocity.runtime.log.Log4JLogChute
2017-05-11 10:41:25,098 - Using logger class org.apache.velocity.runtime.log.Log4JLogChute
2017-05-11 10:41:25,098 - ResourceLoader instantiated: org.apache.velocity.runtime.resource.loader.ClasspathResourceLoader
2017-05-11 10:41:25,098 - ResourceCache: initialized (class org.apache.velocity.runtime.resource.ResourceCacheImpl) with class java.util.Collections$SynchronizedMap cache map.
2017-05-11 10:41:25,099 - Loaded System Directive: org.apache.velocity.runtime.directive.Stop
2017-05-11 10:41:25,099 - Loaded System Directive: org.apache.velocity.runtime.directive.Define
2017-05-11 10:41:25,099 - Loaded System Directive: org.apache.velocity.runtime.directive.Break
2017-05-11 10:41:25,099 - Loaded System Directive: org.apache.velocity.runtime.directive.Evaluate
2017-05-11 10:41:25,099 - Loaded System Directive: org.apache.velocity.runtime.directive.Literal
2017-05-11 10:41:25,099 - Loaded System Directive: org.apache.velocity.runtime.directive.Macro
2017-05-11 10:41:25,099 - Loaded System Directive: org.apache.velocity.runtime.directive.Parse
2017-05-11 10:41:25,099 - Loaded System Directive: org.apache.velocity.runtime.directive.Include
2017-05-11 10:41:25,099 - Loaded System Directive: org.apache.velocity.runtime.directive.Foreach
2017-05-11 10:41:25,099 - Created '20' parsers.
2017-05-11 10:41:25,099 - Velocimacro : "velocimacro.library" is not set.  Trying default library: VM_global_library.vm
2017-05-11 10:41:25,100 - Could not load resource 'VM_global_library.vm' from ResourceLoader org.apache.velocity.runtime.resource.loader.ClasspathResourceLoader: ClasspathResourceLoader Error: cannot find resource VM_global_library.vm
2017-05-11 10:41:25,100 - Velocimacro : Default library not found.
2017-05-11 10:41:25,100 - Velocimacro : allowInline = true : VMs can be defined inline in templates
2017-05-11 10:41:25,100 - Velocimacro : allowInlineToOverride = false : VMs defined inline may NOT replace previous VM definitions
2017-05-11 10:41:25,100 - Velocimacro : allowInlineLocal = false : VMs defined inline will be global in scope if allowed.
2017-05-11 10:41:25,100 - Velocimacro : autoload off : VM system will not automatically reload global library macros
2017-05-11 10:41:25,100 - ResourceManager : found ONLY_TITLE_PARAGRAPH_IMAGE_desktop.vm with loader org.apache.velocity.runtime.resource.loader.ClasspathResourceLoader
2017-05-11 10:41:25,100 - Null reference [template 'ONLY_TITLE_PARAGRAPH_IMAGE_desktop.vm', line 1, column 10] : $header cannot be resolved.
rce VM_global_library.vm
2017-05-11 10:41:25,024 - Could not load resource 'VM_global_library.vm' from ResourceLoader org.apache.velocity.runtime.resource.loader.ClasspathResourceLoader: ClasspathResourceLoader Error: cannot find resource VM_global_library.vm
2017-05-11 10:41:25,024 - Could not load resource 'VM_global_library.vm' from ResourceLoader org.apache.velocity.runtime.resource.loader.ClasspathResourceLoader: ClasspathResourceLoader Error: cannot find resource VM_global_library.vm
2017-05-11 10:41:25,025 - Velocimacro : Default library not found.
2017-05-11 10:41:25,025 - Velocimacro : Default library not found.
2017-05-11 10:41:25,025 - Velocimacro : Default library not found.
2017-05-11 10:41:25,025 - Velocimacro : allowInline = true : VMs can be defined inline in templates
2017-05-11 10:41:25,025 - Velocimacro : allowInline = true : VMs can be defined inline in templates
2017-05-11 10:41:25,025 - Velocimacro : allowInline = true : VMs can be defined inline in templates
2017-05-11 10:41:25,025 - Velocimacro : allowInlineToOverride = false : VMs defined inline may NOT replace previous VM definitions
2017-05-11 10:41:25,025 - Velocimacro : allowInlineToOverride = false : VMs defined inline may NOT replace previous VM definitions
2017-05-11 10:41:25,025 - Velocimacro : allowInlineToOverride = false : VMs defined inline may NOT replace previous VM definitions
2017-05-11 10:41:25,025 - Velocimacro : allowInlineLocal = false : VMs defined inline will be global in scope if allowed.
2017-05-11 10:41:25,025 - Velocimacro : allowInlineLocal = false : VMs defined inline will be global in scope if allowed.
2017-05-11 10:41:25,025 - Velocimacro : allowInlineLocal = false : VMs defined inline will be global in scope if allowed.
2017-05-11 10:41:25,025 - Velocimacro : autoload off : VM system will not automatically reload global library macros
2017-05-11 10:41:25,025 - Velocimacro : autoload off : VM system will not automatically reload global library macros
2017-05-11 10:41:25,025 - Velocimacro : autoload off : VM system will not automatically reload global library macros
2017-05-11 10:41:25,025 - ResourceManager : found SIMPLE_LIST___ONLY_TITLE_LIST_desktop.vm with loader org.apache.velocity.runtime.resource.loader.ClasspathResourceLoader
2017-05-11 10:41:25,025 - ResourceManager : found SIMPLE_LIST___ONLY_TITLE_LIST_desktop.vm with loader org.apache.velocity.runtime.resource.loader.ClasspathResourceLoader
2017-05-11 10:41:25,025 - ResourceManager : found SIMPLE_LIST___ONLY_TITLE_LIST_desktop.vm with loader org.apache.velocity.runtime.resource.loader.ClasspathResourceLoader
2017-05-11 10:41:25,026 - Null reference [template 'SIMPLE_LIST___ONLY_TITLE_LIST_desktop.vm', line 1, column 10] : $header cannot be resolved.
2017-05-11 10:41:25,026 - Null reference [template 'SIMPLE_LIST___ONLY_TITLE_LIST_desktop.vm', line 1, column 10] : $header cannot be resolved.
2017-05-11 10:41:25,026 - Null reference [template 'SIMPLE_LIST___ONLY_TITLE_LIST_desktop.vm', line 1, column 10] : $header cannot be resolved.
2017-05-11 10:41:25,026 - Null reference [template 'SIMPLE_LIST___ONLY_TITLE_LIST_desktop.vm', line 8, column 65] : $uuid.getUUID() cannot be resolved.
2017-05-11 10:41:25,026 - Null reference [template 'SIMPLE_LIST___ONLY_TITLE_LIST_desktop.vm', line 8, column 65] : $uuid.getUUID() cannot be resolved.
2017-05-11 10:41:25,026 - Null reference [template 'SIMPLE_LIST___ONLY_TITLE_LIST_desktop.vm', line 8, column 65] : $uuid.getUUID() cannot be resolved.
2017-05-11 10:41:25,061 - Log4JLogChute initialized using file 'velocity.log'
2017-05-11 10:41:25,061 - Log4JLogChute initialized using file 'velocity.log'
2017-05-11 10:41:25,061 - Log4JLogChute initialized using file 'velocity.log'
2017-05-11 10:41:25,061 - Log4JLogChute initialized using file 'velocity.log'
2017-05-11 10:41:25,061 - Initializing Velocity, Calling init()...
2017-05-11 10:41:25,061 - Initializing Velocity, Calling init()...
2017-05-11 10:41:25,061 - Initializing Velocity, Calling init()...
2017-05-11 10:41:25,061 - Initializing Velocity, Calling init()...
2017-05-11 10:41:25,061 - Starting Apache Velocity v1.7 (compiled: 2010-11-19 12:14:37)
2017-05-11 10:41:25,061 - Starting Apache Velocity v1.7 (compiled: 2010-11-19 12:14:37)
2017-05-11 10:41:25,061 - Starting Apache Velocity v1.7 (compiled: 2010-11-19 12:14:37)
2017-05-11 10:41:25,061 - Starting Apache Velocity v1.7 (compiled: 2010-11-19 12:14:37)
2017-05-11 10:41:25,061 - Default Properties File: org\apache\velocity\runtime\defaults\velocity.properties
2017-05-11 10:41:25,061 - Default Properties File: org\apache\velocity\runtime\defaults\velocity.properties
2017-05-11 10:41:25,061 - Default Properties File: org\apache\velocity\runtime\defaults\velocity.properties
2017-05-11 10:41:25,061 - Default Properties File: org\apache\velocity\runtime\defaults\velocity.properties
2017-05-11 10:41:25,061 - Trying to use logger class org.apache.velocity.runtime.log.AvalonLogChute
2017-05-11 10:41:25,061 - Trying to use logger class org.apache.velocity.runtime.log.AvalonLogChute
2017-05-11 10:41:25,061 - Trying to use logger class org.apache.velocity.runtime.log.AvalonLogChute
2017-05-11 10:41:25,061 - Trying to use logger class org.apache.velocity.runtime.log.AvalonLogChute
2017-05-11 10:41:25,061 - Target log system for org.apache.velocity.runtime.log.AvalonLogChute is not available (java.lang.NoClassDefFoundError: org/apache/log/format/Formatter).  Falling back to next log system...
2017-05-11 10:41:25,061 - Target log system for org.apache.velocity.runtime.log.AvalonLogChute is not available (java.lang.NoClassDefFoundError: org/apache/log/format/Formatter).  Falling back to next log system...
2017-05-11 10:41:25,061 - Target log system for org.apache.velocity.runtime.log.AvalonLogChute is not available (java.lang.NoClassDefFoundError: org/apache/log/format/Formatter).  Falling back to next log system...
2017-05-11 10:41:25,061 - Target log system for org.apache.velocity.runtime.log.AvalonLogChute is not available (java.lang.NoClassDefFoundError: org/apache/log/format/Formatter).  Falling back to next log system...
2017-05-11 10:41:25,061 - Trying to use logger class org.apache.velocity.runtime.log.Log4JLogChute
2017-05-11 10:41:25,061 - Trying to use logger class org.apache.velocity.runtime.log.Log4JLogChute
2017-05-11 10:41:25,061 - Trying to use logger class org.apache.velocity.runtime.log.Log4JLogChute
2017-05-11 10:41:25,061 - Trying to use logger class org.apache.velocity.runtime.log.Log4JLogChute
2017-05-11 10:41:25,061 - Using logger class org.apache.velocity.runtime.log.Log4JLogChute
2017-05-11 10:41:25,061 - Using logger class org.apache.velocity.runtime.log.Log4JLogChute
2017-05-11 10:41:25,061 - Using logger class org.apache.velocity.runtime.log.Log4JLogChute
2017-05-11 10:41:25,061 - Using logger class org.apache.velocity.runtime.log.Log4JLogChute
2017-05-11 10:41:25,061 - ResourceLoader instantiated: org.apache.velocity.runtime.resource.loader.ClasspathResourceLoader
2017-05-11 10:41:25,061 - ResourceLoader instantiated: org.apache.velocity.runtime.resource.loader.ClasspathResourceLoader
2017-05-11 10:41:25,061 - ResourceLoader instantiated: org.apache.velocity.runtime.resource.loader.ClasspathResourceLoader
2017-05-11 10:41:25,061 - ResourceLoader instantiated: org.apache.velocity.runtime.resource.loader.ClasspathResourceLoader
2017-05-11 10:41:25,061 - ResourceCache: initialized (class org.apache.velocity.runtime.resource.ResourceCacheImpl) with class java.util.Collections$SynchronizedMap cache map.
2017-05-11 10:41:25,061 - ResourceCache: initialized (class org.apache.velocity.runtime.resource.ResourceCacheImpl) with class java.util.Collections$SynchronizedMap cache map.
2017-05-11 10:41:25,061 - ResourceCache: initialized (class org.apache.velocity.runtime.resource.ResourceCacheImpl) with class java.util.Collections$SynchronizedMap cache map.
2017-05-11 10:41:25,061 - ResourceCache: initialized (class org.apache.velocity.runtime.resource.ResourceCacheImpl) with class java.util.Collections$SynchronizedMap cache map.
2017-05-11 10:41:25,061 - Loaded System Directive: org.apache.velocity.runtime.directive.Stop
2017-05-11 10:41:25,061 - Loaded System Directive: org.apache.velocity.runtime.directive.Stop
2017-05-11 10:41:25,061 - Loaded System Directive: org.apache.velocity.runtime.directive.Stop
2017-05-11 10:41:25,061 - Loaded System Directive: org.apache.velocity.runtime.directive.Stop
2017-05-11 10:41:25,061 - Loaded System Directive: org.apache.velocity.runtime.directive.Define
2017-05-11 10:41:25,061 - Loaded System Directive: org.apache.velocity.runtime.directive.Define
2017-05-11 10:41:25,061 - Loaded System Directive: org.apache.velocity.runtime.directive.Define
2017-05-11 10:41:25,061 - Loaded System Directive: org.apache.velocity.runtime.directive.Define
2017-05-11 10:41:25,061 - Loaded System Directive: org.apache.velocity.runtime.directive.Break
2017-05-11 10:41:25,061 - Loaded System Directive: org.apache.velocity.runtime.directive.Break
2017-05-11 10:41:25,061 - Loaded System Directive: org.apache.velocity.runtime.directive.Break
2017-05-11 10:41:25,061 - Loaded System Directive: org.apache.velocity.runtime.directive.Break
2017-05-11 10:41:25,061 - Loaded System Directive: org.apache.velocity.runtime.directive.Evaluate
2017-05-11 10:41:25,061 - Loaded System Directive: org.apache.velocity.runtime.directive.Evaluate
2017-05-11 10:41:25,061 - Loaded System Directive: org.apache.velocity.runtime.directive.Evaluate
2017-05-11 10:41:25,061 - Loaded System Directive: org.apache.velocity.runtime.directive.Evaluate
2017-05-11 10:41:25,061 - Loaded System Directive: org.apache.velocity.runtime.directive.Literal
2017-05-11 10:41:25,061 - Loaded System Directive: org.apache.velocity.runtime.directive.Literal
2017-05-11 10:41:25,061 - Loaded System Directive: org.apache.velocity.runtime.directive.Literal
2017-05-11 10:41:25,061 - Loaded System Directive: org.apache.velocity.runtime.directive.Literal
2017-05-11 10:41:25,061 - Loaded System Directive: org.apache.velocity.runtime.directive.Macro
2017-05-11 10:41:25,061 - Loaded System Directive: org.apache.velocity.runtime.directive.Macro
2017-05-11 10:41:25,061 - Loaded System Directive: org.apache.velocity.runtime.directive.Macro
2017-05-11 10:41:25,061 - Loaded System Directive: org.apache.velocity.runtime.directive.Macro
2017-05-11 10:41:25,061 - Loaded System Directive: org.apache.velocity.runtime.directive.Parse
2017-05-11 10:41:25,061 - Loaded System Directive: org.apache.velocity.runtime.directive.Parse
2017-05-11 10:41:25,061 - Loaded System Directive: org.apache.velocity.runtime.directive.Parse
2017-05-11 10:41:25,061 - Loaded System Directive: org.apache.velocity.runtime.directive.Parse
2017-05-11 10:41:25,062 - Loaded System Directive: org.apache.velocity.runtime.directive.Include
2017-05-11 10:41:25,062 - Loaded System Directive: org.apache.velocity.runtime.directive.Include
2017-05-11 10:41:25,062 - Loaded System Directive: org.apache.velocity.runtime.directive.Include
2017-05-11 10:41:25,062 - Loaded System Directive: org.apache.velocity.runtime.directive.Include
2017-05-11 10:41:25,062 - Loaded System Directive: org.apache.velocity.runtime.directive.Foreach
2017-05-11 10:41:25,062 - Loaded System Directive: org.apache.velocity.runtime.directive.Foreach
2017-05-11 10:41:25,062 - Loaded System Directive: org.apache.velocity.runtime.directive.Foreach
2017-05-11 10:41:25,062 - Loaded System Directive: org.apache.velocity.runtime.directive.Foreach
2017-05-11 10:41:25,062 - Created '20' parsers.
2017-05-11 10:41:25,062 - Created '20' parsers.
2017-05-11 10:41:25,062 - Created '20' parsers.
2017-05-11 10:41:25,062 - Created '20' parsers.
2017-05-11 10:41:25,062 - Velocimacro : "velocimacro.library" is not set.  Trying default library: VM_global_library.vm
2017-05-11 10:41:25,062 - Velocimacro : "velocimacro.library" is not set.  Trying default library: VM_global_library.vm
2017-05-11 10:41:25,062 - Velocimacro : "velocimacro.library" is not set.  Trying default library: VM_global_library.vm
2017-05-11 10:41:25,062 - Velocimacro : "velocimacro.library" is not set.  Trying default library: VM_global_library.vm
2017-05-11 10:41:25,062 - Could not load resource 'VM_global_library.vm' from ResourceLoader org.apache.velocity.runtime.resource.loader.ClasspathResourceLoader: ClasspathResourceLoader Error: cannot find resource VM_global_library.vm
2017-05-11 10:41:25,062 - Could not load resource 'VM_global_library.vm' from ResourceLoader org.apache.velocity.runtime.resource.loader.ClasspathResourceLoader: ClasspathResourceLoader Error: cannot find resource VM_global_library.vm
2017-05-11 10:41:25,062 - Could not load resource 'VM_global_library.vm' from ResourceLoader org.apache.velocity.runtime.resource.loader.ClasspathResourceLoader: ClasspathResourceLoader Error: cannot find resource VM_global_library.vm
2017-05-11 10:41:25,062 - Could not load resource 'VM_global_library.vm' from ResourceLoader org.apache.velocity.runtime.resource.loader.ClasspathResourceLoader: ClasspathResourceLoader Error: cannot find resource VM_global_library.vm
2017-05-11 10:41:25,062 - Velocimacro : Default library not found.
2017-05-11 10:41:25,062 - Velocimacro : Default library not found.
2017-05-11 10:41:25,062 - Velocimacro : Default library not found.
2017-05-11 10:41:25,062 - Velocimacro : Default library not found.
2017-05-11 10:41:25,062 - Velocimacro : allowInline = true : VMs can be defined inline in templates
2017-05-11 10:41:25,062 - Velocimacro : allowInline = true : VMs can be defined inline in templates
2017-05-11 10:41:25,062 - Velocimacro : allowInline = true : VMs can be defined inline in templates
2017-05-11 10:41:25,062 - Velocimacro : allowInline = true : VMs can be defined inline in templates
2017-05-11 10:41:25,062 - Velocimacro : allowInlineToOverride = false : VMs defined inline may NOT replace previous VM definitions
2017-05-11 10:41:25,062 - Velocimacro : allowInlineToOverride = false : VMs defined inline may NOT replace previous VM definitions
2017-05-11 10:41:25,062 - Velocimacro : allowInlineToOverride = false : VMs defined inline may NOT replace previous VM definitions
2017-05-11 10:41:25,062 - Velocimacro : allowInlineToOverride = false : VMs defined inline may NOT replace previous VM definitions
2017-05-11 10:41:25,062 - Velocimacro : allowInlineLocal = false : VMs defined inline will be global in scope if allowed.
2017-05-11 10:41:25,062 - Velocimacro : allowInlineLocal = false : VMs defined inline will be global in scope if allowed.
2017-05-11 10:41:25,062 - Velocimacro : allowInlineLocal = false : VMs defined inline will be global in scope if allowed.
2017-05-11 10:41:25,062 - Velocimacro : allowInlineLocal = false : VMs defined inline will be global in scope if allowed.
2017-05-11 10:41:25,062 - Velocimacro : autoload off : VM system will not automatically reload global library macros
2017-05-11 10:41:25,062 - Velocimacro : autoload off : VM system will not automatically reload global library macros
2017-05-11 10:41:25,062 - Velocimacro : autoload off : VM system will not automatically reload global library macros
2017-05-11 10:41:25,062 - Velocimacro : autoload off : VM system will not automatically reload global library macros
2017-05-11 10:41:25,063 - ResourceManager : found ONLY_TITLE_IMAGE_desktop.vm with loader org.apache.velocity.runtime.resource.loader.ClasspathResourceLoader
2017-05-11 10:41:25,063 - ResourceManager : found ONLY_TITLE_IMAGE_desktop.vm with loader org.apache.velocity.runtime.resource.loader.ClasspathResourceLoader
2017-05-11 10:41:25,063 - ResourceManager : found ONLY_TITLE_IMAGE_desktop.vm with loader org.apache.velocity.runtime.resource.loader.ClasspathResourceLoader
2017-05-11 10:41:25,063 - ResourceManager : found ONLY_TITLE_IMAGE_desktop.vm with loader org.apache.velocity.runtime.resource.loader.ClasspathResourceLoader
2017-05-11 10:41:25,063 - Null reference [template 'ONLY_TITLE_IMAGE_desktop.vm', line 1, column 10] : $header cannot be resolved.
2017-05-11 10:41:25,063 - Null reference [template 'ONLY_TITLE_IMAGE_desktop.vm', line 1, column 10] : $header cannot be resolved.
2017-05-11 10:41:25,063 - Null reference [template 'ONLY_TITLE_IMAGE_desktop.vm', line 1, column 10] : $header cannot be resolved.
2017-05-11 10:41:25,063 - Null reference [template 'ONLY_TITLE_IMAGE_desktop.vm', line 1, column 10] : $header cannot be resolved.
2017-05-11 10:41:25,098 - Log4JLogChute initialized using file 'velocity.log'
2017-05-11 10:41:25,098 - Log4JLogChute initialized using file 'velocity.log'
2017-05-11 10:41:25,098 - Log4JLogChute initialized using file 'velocity.log'
2017-05-11 10:41:25,098 - Log4JLogChute initialized using file 'velocity.log'
2017-05-11 10:41:25,098 - Log4JLogChute initialized using file 'velocity.log'
2017-05-11 10:41:25,098 - Initializing Velocity, Calling init()...
2017-05-11 10:41:25,098 - Initializing Velocity, Calling init()...
2017-05-11 10:41:25,098 - Initializing Velocity, Calling init()...
2017-05-11 10:41:25,098 - Initializing Velocity, Calling init()...
2017-05-11 10:41:25,098 - Initializing Velocity, Calling init()...
2017-05-11 10:41:25,098 - Starting Apache Velocity v1.7 (compiled: 2010-11-19 12:14:37)
2017-05-11 10:41:25,098 - Starting Apache Velocity v1.7 (compiled: 2010-11-19 12:14:37)
2017-05-11 10:41:25,098 - Starting Apache Velocity v1.7 (compiled: 2010-11-19 12:14:37)
2017-05-11 10:41:25,098 - Starting Apache Velocity v1.7 (compiled: 2010-11-19 12:14:37)
2017-05-11 10:41:25,098 - Starting Apache Velocity v1.7 (compiled: 2010-11-19 12:14:37)
2017-05-11 10:41:25,098 - Default Properties File: org\apache\velocity\runtime\defaults\velocity.properties
2017-05-11 10:41:25,098 - Default Properties File: org\apache\velocity\runtime\defaults\velocity.properties
2017-05-11 10:41:25,098 - Default Properties File: org\apache\velocity\runtime\defaults\velocity.properties
2017-05-11 10:41:25,098 - Default Properties File: org\apache\velocity\runtime\defaults\velocity.properties
2017-05-11 10:41:25,098 - Default Properties File: org\apache\velocity\runtime\defaults\velocity.properties
2017-05-11 10:41:25,098 - Trying to use logger class org.apache.velocity.runtime.log.AvalonLogChute
2017-05-11 10:41:25,098 - Trying to use logger class org.apache.velocity.runtime.log.AvalonLogChute
2017-05-11 10:41:25,098 - Trying to use logger class org.apache.velocity.runtime.log.AvalonLogChute
2017-05-11 10:41:25,098 - Trying to use logger class org.apache.velocity.runtime.log.AvalonLogChute
2017-05-11 10:41:25,098 - Trying to use logger class org.apache.velocity.runtime.log.AvalonLogChute
2017-05-11 10:41:25,098 - Target log system for org.apache.velocity.runtime.log.AvalonLogChute is not available (java.lang.NoClassDefFoundError: org/apache/log/format/Formatter).  Falling back to next log system...
2017-05-11 10:41:25,098 - Target log system for org.apache.velocity.runtime.log.AvalonLogChute is not available (java.lang.NoClassDefFoundError: org/apache/log/format/Formatter).  Falling back to next log system...
2017-05-11 10:41:25,098 - Target log system for org.apache.velocity.runtime.log.AvalonLogChute is not available (java.lang.NoClassDefFoundError: org/apache/log/format/Formatter).  Falling back to next log system...
2017-05-11 10:41:25,098 - Target log system for org.apache.velocity.runtime.log.AvalonLogChute is not available (java.lang.NoClassDefFoundError: org/apache/log/format/Formatter).  Falling back to next log system...
2017-05-11 10:41:25,098 - Target log system for org.apache.velocity.runtime.log.AvalonLogChute is not available (java.lang.NoClassDefFoundError: org/apache/log/format/Formatter).  Falling back to next log system...
2017-05-11 10:41:25,098 - Trying to use logger class org.apache.velocity.runtime.log.Log4JLogChute
2017-05-11 10:41:25,098 - Trying to use logger class org.apache.velocity.runtime.log.Log4JLogChute
2017-05-11 10:41:25,098 - Trying to use logger class org.apache.velocity.runtime.log.Log4JLogChute
2017-05-11 10:41:25,098 - Trying to use logger class org.apache.velocity.runtime.log.Log4JLogChute
2017-05-11 10:41:25,098 - Trying to use logger class org.apache.velocity.runtime.log.Log4JLogChute
2017-05-11 10:41:25,098 - Using logger class org.apache.velocity.runtime.log.Log4JLogChute
2017-05-11 10:41:25,098 - Using logger class org.apache.velocity.runtime.log.Log4JLogChute
2017-05-11 10:41:25,098 - Using logger class org.apache.velocity.runtime.log.Log4JLogChute
2017-05-11 10:41:25,098 - Using logger class org.apache.velocity.runtime.log.Log4JLogChute
2017-05-11 10:41:25,098 - Using logger class org.apache.velocity.runtime.log.Log4JLogChute
2017-05-11 10:41:25,098 - ResourceLoader instantiated: org.apache.velocity.runtime.resource.loader.ClasspathResourceLoader
2017-05-11 10:41:25,098 - ResourceLoader instantiated: org.apache.velocity.runtime.resource.loader.ClasspathResourceLoader
2017-05-11 10:41:25,098 - ResourceLoader instantiated: org.apache.velocity.runtime.resource.loader.ClasspathResourceLoader
2017-05-11 10:41:25,098 - ResourceLoader instantiated: org.apache.velocity.runtime.resource.loader.ClasspathResourceLoader
2017-05-11 10:41:25,098 - ResourceLoader instantiated: org.apache.velocity.runtime.resource.loader.ClasspathResourceLoader
2017-05-11 10:41:25,098 - ResourceCache: initialized (class org.apache.velocity.runtime.resource.ResourceCacheImpl) with class java.util.Collections$SynchronizedMap cache map.
2017-05-11 10:41:25,098 - ResourceCache: initialized (class org.apache.velocity.runtime.resource.ResourceCacheImpl) with class java.util.Collections$SynchronizedMap cache map.
2017-05-11 10:41:25,098 - ResourceCache: initialized (class org.apache.velocity.runtime.resource.ResourceCacheImpl) with class java.util.Collections$SynchronizedMap cache map.
2017-05-11 10:41:25,098 - ResourceCache: initialized (class org.apache.velocity.runtime.resource.ResourceCacheImpl) with class java.util.Collections$SynchronizedMap cache map.
2017-05-11 10:41:25,098 - ResourceCache: initialized (class org.apache.velocity.runtime.resource.ResourceCacheImpl) with class java.util.Collections$SynchronizedMap cache map.
2017-05-11 10:41:25,099 - Loaded System Directive: org.apache.velocity.runtime.directive.Stop
2017-05-11 10:41:25,099 - Loaded System Directive: org.apache.velocity.runtime.directive.Stop
2017-05-11 10:41:25,099 - Loaded System Directive: org.apache.velocity.runtime.directive.Stop
2017-05-11 10:41:25,099 - Loaded System Directive: org.apache.velocity.runtime.directive.Stop
2017-05-11 10:41:25,099 - Loaded System Directive: org.apache.velocity.runtime.directive.Stop
2017-05-11 10:41:25,099 - Loaded System Directive: org.apache.velocity.runtime.directive.Define
2017-05-11 10:41:25,099 - Loaded System Directive: org.apache.velocity.runtime.directive.Define
2017-05-11 10:41:25,099 - Loaded System Directive: org.apache.velocity.runtime.directive.Define
2017-05-11 10:41:25,099 - Loaded System Directive: org.apache.velocity.runtime.directive.Define
2017-05-11 10:41:25,099 - Loaded System Directive: org.apache.velocity.runtime.directive.Define
2017-05-11 10:41:25,099 - Loaded System Directive: org.apache.velocity.runtime.directive.Break
2017-05-11 10:41:25,099 - Loaded System Directive: org.apache.velocity.runtime.directive.Break
2017-05-11 10:41:25,099 - Loaded System Directive: org.apache.velocity.runtime.directive.Break
2017-05-11 10:41:25,099 - Loaded System Directive: org.apache.velocity.runtime.directive.Break
2017-05-11 10:41:25,099 - Loaded System Directive: org.apache.velocity.runtime.directive.Break
2017-05-11 10:41:25,099 - Loaded System Directive: org.apache.velocity.runtime.directive.Evaluate
2017-05-11 10:41:25,099 - Loaded System Directive: org.apache.velocity.runtime.directive.Evaluate
2017-05-11 10:41:25,099 - Loaded System Directive: org.apache.velocity.runtime.directive.Evaluate
2017-05-11 10:41:25,099 - Loaded System Directive: org.apache.velocity.runtime.directive.Evaluate
2017-05-11 10:41:25,099 - Loaded System Directive: org.apache.velocity.runtime.directive.Evaluate
2017-05-11 10:41:25,099 - Loaded System Directive: org.apache.velocity.runtime.directive.Literal
2017-05-11 10:41:25,099 - Loaded System Directive: org.apache.velocity.runtime.directive.Literal
2017-05-11 10:41:25,099 - Loaded System Directive: org.apache.velocity.runtime.directive.Literal
2017-05-11 10:41:25,099 - Loaded System Directive: org.apache.velocity.runtime.directive.Literal
2017-05-11 10:41:25,099 - Loaded System Directive: org.apache.velocity.runtime.directive.Literal
2017-05-11 10:41:25,099 - Loaded System Directive: org.apache.velocity.runtime.directive.Macro
2017-05-11 10:41:25,099 - Loaded System Directive: org.apache.velocity.runtime.directive.Macro
2017-05-11 10:41:25,099 - Loaded System Directive: org.apache.velocity.runtime.directive.Macro
2017-05-11 10:41:25,099 - Loaded System Directive: org.apache.velocity.runtime.directive.Macro
2017-05-11 10:41:25,099 - Loaded System Directive: org.apache.velocity.runtime.directive.Macro
2017-05-11 10:41:25,099 - Loaded System Directive: org.apache.velocity.runtime.directive.Parse
2017-05-11 10:41:25,099 - Loaded System Directive: org.apache.velocity.runtime.directive.Parse
2017-05-11 10:41:25,099 - Loaded System Directive: org.apache.velocity.runtime.directive.Parse
2017-05-11 10:41:25,099 - Loaded System Directive: org.apache.velocity.runtime.directive.Parse
2017-05-11 10:41:25,099 - Loaded System Directive: org.apache.velocity.runtime.directive.Parse
2017-05-11 10:41:25,099 - Loaded System Directive: org.apache.velocity.runtime.directive.Include
2017-05-11 10:41:25,099 - Loaded System Directive: org.apache.velocity.runtime.directive.Include
2017-05-11 10:41:25,099 - Loaded System Directive: org.apache.velocity.runtime.directive.Include
2017-05-11 10:41:25,099 - Loaded System Directive: org.apache.velocity.runtime.directive.Include
2017-05-11 10:41:25,099 - Loaded System Directive: org.apache.velocity.runtime.directive.Include
2017-05-11 10:41:25,099 - Loaded System Directive: org.apache.velocity.runtime.directive.Foreach
2017-05-11 10:41:25,099 - Loaded System Directive: org.apache.velocity.runtime.directive.Foreach
2017-05-11 10:41:25,099 - Loaded System Directive: org.apache.velocity.runtime.directive.Foreach
2017-05-11 10:41:25,099 - Loaded System Directive: org.apache.velocity.runtime.directive.Foreach
2017-05-11 10:41:25,099 - Loaded System Directive: org.apache.velocity.runtime.directive.Foreach
2017-05-11 10:41:25,099 - Created '20' parsers.
2017-05-11 10:41:25,099 - Created '20' parsers.
2017-05-11 10:41:25,099 - Created '20' parsers.
2017-05-11 10:41:25,099 - Created '20' parsers.
2017-05-11 10:41:25,099 - Created '20' parsers.
2017-05-11 10:41:25,099 - Velocimacro : "velocimacro.library" is not set.  Trying default library: VM_global_library.vm
2017-05-11 10:41:25,099 - Velocimacro : "velocimacro.library" is not set.  Trying default library: VM_global_library.vm
2017-05-11 10:41:25,099 - Velocimacro : "velocimacro.library" is not set.  Trying default library: VM_global_library.vm
2017-05-11 10:41:25,099 - Velocimacro : "velocimacro.library" is not set.  Trying default library: VM_global_library.vm
2017-05-11 10:41:25,099 - Velocimacro : "velocimacro.library" is not set.  Trying default library: VM_global_library.vm
2017-05-11 10:41:25,100 - Could not load resource 'VM_global_library.vm' from ResourceLoader org.apache.velocity.runtime.resource.loader.ClasspathResourceLoader: ClasspathResourceLoader Error: cannot find resource VM_global_library.vm
2017-05-11 10:41:25,100 - Could not load resource 'VM_global_library.vm' from ResourceLoader org.apache.velocity.runtime.resource.loader.ClasspathResourceLoader: ClasspathResourceLoader Error: cannot find resource VM_global_library.vm
2017-05-11 10:41:25,100 - Could not load resource 'VM_global_library.vm' from ResourceLoader org.apache.velocity.runtime.resource.loader.ClasspathResourceLoader: ClasspathResourceLoader Error: cannot find resource VM_global_library.vm
2017-05-11 10:41:25,100 - Could not load resource 'VM_global_library.vm' from ResourceLoader org.apache.velocity.runtime.resource.loader.ClasspathResourceLoader: ClasspathResourceLoader Error: cannot find resource VM_global_library.vm
2017-05-11 10:41:25,100 - Could not load resource 'VM_global_library.vm' from ResourceLoader org.apache.velocity.runtime.resource.loader.ClasspathResourceLoader: ClasspathResourceLoader Error: cannot find resource VM_global_library.vm
2017-05-11 10:41:25,100 - Velocimacro : Default library not found.
2017-05-11 10:41:25,100 - Velocimacro : Default library not found.
2017-05-11 10:41:25,100 - Velocimacro : Default library not found.
2017-05-11 10:41:25,100 - Velocimacro : Default library not found.
2017-05-11 10:41:25,100 - Velocimacro : Default library not found.
2017-05-11 10:41:25,100 - Velocimacro : allowInline = true : VMs can be defined inline in templates
2017-05-11 10:41:25,100 - Velocimacro : allowInline = true : VMs can be defined inline in templates
2017-05-11 10:41:25,100 - Velocimacro : allowInline = true : VMs can be defined inline in templates
2017-05-11 10:41:25,100 - Velocimacro : allowInline = true : VMs can be defined inline in templates
2017-05-11 10:41:25,100 - Velocimacro : allowInline = true : VMs can be defined inline in templates
2017-05-11 10:41:25,100 - Velocimacro : allowInlineToOverride = false : VMs defined inline may NOT replace previous VM definitions
2017-05-11 10:41:25,100 - Velocimacro : allowInlineToOverride = false : VMs defined inline may NOT replace previous VM definitions
2017-05-11 10:41:25,100 - Velocimacro : allowInlineToOverride = false : VMs defined inline may NOT replace previous VM definitions
2017-05-11 10:41:25,100 - Velocimacro : allowInlineToOverride = false : VMs defined inline may NOT replace previous VM definitions
2017-05-11 10:41:25,100 - Velocimacro : allowInlineToOverride = false : VMs defined inline may NOT replace previous VM definitions
2017-05-11 10:41:25,100 - Velocimacro : allowInlineLocal = false : VMs defined inline will be global in scope if allowed.
2017-05-11 10:41:25,100 - Velocimacro : allowInlineLocal = false : VMs defined inline will be global in scope if allowed.
2017-05-11 10:41:25,100 - Velocimacro : allowInlineLocal = false : VMs defined inline will be global in scope if allowed.
2017-05-11 10:41:25,100 - Velocimacro : allowInlineLocal = false : VMs defined inline will be global in scope if allowed.
2017-05-11 10:41:25,100 - Velocimacro : allowInlineLocal = false : VMs defined inline will be global in scope if allowed.
2017-05-11 10:41:25,100 - Velocimacro : autoload off : VM system will not automatically reload global library macros
2017-05-11 10:41:25,100 - Velocimacro : autoload off : VM system will not automatically reload global library macros
2017-05-11 10:41:25,100 - Velocimacro : autoload off : VM system will not automatically reload global library macros
2017-05-11 10:41:25,100 - Velocimacro : autoload off : VM system will not automatically reload global library macros
2017-05-11 10:41:25,100 - Velocimacro : autoload off : VM system will not automatically reload global library macros
2017-05-11 10:41:25,100 - ResourceManager : found ONLY_TITLE_PARAGRAPH_IMAGE_desktop.vm with loader org.apache.velocity.runtime.resource.loader.ClasspathResourceLoader
2017-05-11 10:41:25,100 - ResourceManager : found ONLY_TITLE_PARAGRAPH_IMAGE_desktop.vm with loader org.apache.velocity.runtime.resource.loader.ClasspathResourceLoader
2017-05-11 10:41:25,100 - ResourceManager : found ONLY_TITLE_PARAGRAPH_IMAGE_desktop.vm with loader org.apache.velocity.runtime.resource.loader.ClasspathResourceLoader
2017-05-11 10:41:25,100 - ResourceManager : found ONLY_TITLE_PARAGRAPH_IMAGE_desktop.vm with loader org.apache.velocity.runtime.resource.loader.ClasspathResourceLoader
2017-05-11 10:41:25,100 - ResourceManager : found ONLY_TITLE_PARAGRAPH_IMAGE_desktop.vm with loader org.apache.velocity.runtime.resource.loader.ClasspathResourceLoader
2017-05-11 10:41:25,100 - Null reference [template 'ONLY_TITLE_PARAGRAPH_IMAGE_desktop.vm', line 1, column 10] : $header cannot be resolved.
2017-05-11 10:41:25,100 - Null reference [template 'ONLY_TITLE_PARAGRAPH_IMAGE_desktop.vm', line 1, column 10] : $header cannot be resolved.
2017-05-11 10:41:25,100 - Null reference [template 'ONLY_TITLE_PARAGRAPH_IMAGE_desktop.vm', line 1, column 10] : $header cannot be resolved.
2017-05-11 10:41:25,100 - Null reference [template 'ONLY_TITLE_PARAGRAPH_IMAGE_desktop.vm', line 1, column 10] : $header cannot be resolved.
2017-05-11 10:41:25,100 - Null reference [template 'ONLY_TITLE_PARAGRAPH_IMAGE_desktop.vm', line 1, column 10] : $header cannot be resolved.
